<?xml version="1.0" encoding="UTF-8"?>
<!-- Generated by org.testng.reporters.JUnitXMLReporter -->
<testsuite ignored="0" hostname="IN-J8C0GY3" failures="4" tests="34" name="Surefire test" time="21.229" errors="0" timestamp="2025-08-04T17:33:33 IST">
  <testcase classname="testcases.CartTests" name="testCreateCart" time="2.411"/>
  <testcase classname="testcases.CartTests" name="testDeleteCart" time="0.618"/>
  <testcase classname="testcases.CartTests" name="testGetAllCarts" time="0.595"/>
  <testcase classname="testcases.CartTests" name="testGetCartById" time="0.637"/>
  <testcase classname="testcases.CartTests" name="testGetCartsByDateRange" time="0.704"/>
  <testcase classname="testcases.CartTests" name="testGetCartsSorted" time="0.558"/>
  <testcase classname="testcases.CartTests" name="testGetCartsSortedAsc" time="0.565"/>
  <testcase classname="testcases.CartTests" name="testGetCartsWithLimit" time="0.566"/>
  <testcase classname="testcases.CartTests" name="testGetUserCart" time="0.58"/>
  <testcase classname="testcases.CartTests" name="testUpdateCart" time="0.501"/>
  <testcase classname="testcases.LoginTests" name="testInvalidUserLogin" time="0.976"/>
  <testcase classname="testcases.LoginTests" name="testValidUserLogin" time="0.986"/>
  <testcase classname="testcases.ProductDataDrivenTest" name="testAddNewProduct" time="0.0">
    <failure type="java.lang.RuntimeException" message="java.io.FileNotFoundException: .\testdata\product.json (The system cannot find the path specified)">
      <![CDATA[java.lang.RuntimeException: java.io.FileNotFoundException: .\testdata\product.json (The system cannot find the path specified)
at java.base/java.util.ArrayList.forEach(ArrayList.java:1596)
Caused by: java.io.FileNotFoundException: .\testdata\product.json (The system cannot find the path specified)
at java.base/java.io.FileInputStream.open0(Native Method)
at java.base/java.io.FileInputStream.open(FileInputStream.java:213)
at java.base/java.io.FileInputStream.<init>(FileInputStream.java:152)
at com.fasterxml.jackson.core.TokenStreamFactory._fileInputStream(TokenStreamFactory.java:262)
at com.fasterxml.jackson.core.JsonFactory.createParser(JsonFactory.java:1030)
at com.fasterxml.jackson.databind.ObjectMapper.readValue(ObjectMapper.java:3562)
at utils.DataProviders.jsonDataProvider(DataProviders.java:26)
... 30 more
... Removed 35 stack frames]]>
    </failure>
  </testcase> <!-- testAddNewProduct -->
  <testcase classname="testcases.ProductTests" name="testAddNewProduct" time="0.496"/>
  <testcase classname="testcases.ProductTests" name="testDeleteProduct" time="0.548"/>
  <testcase classname="testcases.ProductTests" name="testGetAllCategories" time="0.439"/>
  <testcase classname="testcases.ProductTests" name="testGetAllProducts" time="0.511"/>
  <testcase classname="testcases.ProductTests" name="testGetLimitedProducts" time="0.535"/>
  <testcase classname="testcases.ProductTests" name="testGetProductsByCategory" time="0.593"/>
  <testcase classname="testcases.ProductTests" name="testGetSingleProductById" time="0.45"/>
  <testcase classname="testcases.ProductTests" name="testGetSortedProducts" time="0.481"/>
  <testcase classname="testcases.ProductTests" name="testGetSortedProductsAsc" time="0.471"/>
  <testcase classname="testcases.ProductTests" name="testUpdateProduct" time="0.459"/>
  <testcase classname="testcases.SchemaTests" name="testCartSchema" time="0.535">
    <failure type="java.lang.IllegalArgumentException" message="Schema to use cannot be null">
      <![CDATA[java.lang.IllegalArgumentException: Schema to use cannot be null
at io.restassured.module.jsv.JsonSchemaValidator.validateSchemaIsNotNull(JsonSchemaValidator.java:270)
at io.restassured.module.jsv.JsonSchemaValidator.access$300(JsonSchemaValidator.java:75)
at io.restassured.module.jsv.JsonSchemaValidator$JsonSchemaValidatorFactory.create(JsonSchemaValidator.java:281)
at io.restassured.module.jsv.JsonSchemaValidator.matchesJsonSchema(JsonSchemaValidator.java:166)
at io.restassured.module.jsv.JsonSchemaValidator.matchesJsonSchemaInClasspath(JsonSchemaValidator.java:117)
at testcases.SchemaTests.testCartSchema(SchemaTests.java:37)
at java.base/java.util.ArrayList.forEach(ArrayList.java:1596)
... Removed 30 stack frames]]>
    </failure>
  </testcase> <!-- testCartSchema -->
  <testcase classname="testcases.SchemaTests" name="testProductSchema" time="0.441">
    <failure type="java.lang.IllegalArgumentException" message="Schema to use cannot be null">
      <![CDATA[java.lang.IllegalArgumentException: Schema to use cannot be null
at io.restassured.module.jsv.JsonSchemaValidator.validateSchemaIsNotNull(JsonSchemaValidator.java:270)
at io.restassured.module.jsv.JsonSchemaValidator.access$300(JsonSchemaValidator.java:75)
at io.restassured.module.jsv.JsonSchemaValidator$JsonSchemaValidatorFactory.create(JsonSchemaValidator.java:281)
at io.restassured.module.jsv.JsonSchemaValidator.matchesJsonSchema(JsonSchemaValidator.java:166)
at io.restassured.module.jsv.JsonSchemaValidator.matchesJsonSchemaInClasspath(JsonSchemaValidator.java:117)
at testcases.SchemaTests.testProductSchema(SchemaTests.java:25)
at java.base/java.util.ArrayList.forEach(ArrayList.java:1596)
... Removed 30 stack frames]]>
    </failure>
  </testcase> <!-- testProductSchema -->
  <testcase classname="testcases.SchemaTests" name="testUserSchema" time="0.626">
    <failure type="java.lang.IllegalArgumentException" message="Schema to use cannot be null">
      <![CDATA[java.lang.IllegalArgumentException: Schema to use cannot be null
at io.restassured.module.jsv.JsonSchemaValidator.validateSchemaIsNotNull(JsonSchemaValidator.java:270)
at io.restassured.module.jsv.JsonSchemaValidator.access$300(JsonSchemaValidator.java:75)
at io.restassured.module.jsv.JsonSchemaValidator$JsonSchemaValidatorFactory.create(JsonSchemaValidator.java:281)
at io.restassured.module.jsv.JsonSchemaValidator.matchesJsonSchema(JsonSchemaValidator.java:166)
at io.restassured.module.jsv.JsonSchemaValidator.matchesJsonSchemaInClasspath(JsonSchemaValidator.java:117)
at testcases.SchemaTests.testUserSchema(SchemaTests.java:49)
at java.base/java.util.ArrayList.forEach(ArrayList.java:1596)
... Removed 30 stack frames]]>
    </failure>
  </testcase> <!-- testUserSchema -->
  <testcase classname="testcases.UserTests" name="testCreateUser" time="0.71"/>
  <testcase classname="testcases.UserTests" name="testDeleteUser" time="0.528"/>
  <testcase classname="testcases.UserTests" name="testGetAllUsers" time="0.566"/>
  <testcase classname="testcases.UserTests" name="testGetUserById" time="0.543"/>
  <testcase classname="testcases.UserTests" name="testGetUsersSorted" time="0.575"/>
  <testcase classname="testcases.UserTests" name="testGetUsersSortedAsc" time="0.574"/>
  <testcase classname="testcases.UserTests" name="testGetUsersWithLimit" time="0.547"/>
  <testcase classname="testcases.UserTests" name="testUpdateUser" time="0.466"/>
</testsuite> <!-- Surefire test -->
