<html>
<head>
<title>TestNG:  Surefire test</title>
<link href="../testng.css" rel="stylesheet" type="text/css" />
<link href="../my-testng.css" rel="stylesheet" type="text/css" />

<style type="text/css">
.log { display: none;} 
.stack-trace { display: none;} 
</style>
<script type="text/javascript">
<!--
function flip(e) {
  current = e.style.display;
  if (current == 'block') {
    e.style.display = 'none';
    return 0;
  }
  else {
    e.style.display = 'block';
    return 1;
  }
}

function toggleBox(szDivId, elem, msg1, msg2)
{
  var res = -1;  if (document.getElementById) {
    res = flip(document.getElementById(szDivId));
  }
  else if (document.all) {
    // this is the way old msie versions work
    res = flip(document.all[szDivId]);
  }
  if(elem) {
    if(res == 0) elem.innerHTML = msg1; else elem.innerHTML = msg2;
  }

}

function toggleAllBoxes() {
  if (document.getElementsByTagName) {
    d = document.getElementsByTagName('div');
    for (i = 0; i < d.length; i++) {
      if (d[i].className == 'log') {
        flip(d[i]);
      }
    }
  }
}

// -->
</script>

</head>
<body>
<h2 align='center'>Surefire test</h2><table border='1' align="center">
<tr>
<td>Tests passed/Failed/Skipped:</td><td>30/4/0</td>
</tr><tr>
<td>Started on:</td><td>Thu Jul 10 15:02:48 IST 2025</td>
</tr>
<tr><td>Total time:</td><td>29 seconds (29019 ms)</td>
</tr><tr>
<td>Included groups:</td><td></td>
</tr><tr>
<td>Excluded groups:</td><td></td>
</tr>
</table><p/>
<small><i>(Hover the method name to see the test class name)</i></small><p/>
<table width='100%' border='1' class='invocation-failed'>
<tr><td colspan='4' align='center'><b>FAILED TESTS</b></td></tr>
<tr><td><b>Test method</b></td>
<td><b>Attribute(s)</b></td>
<td width="30%"><b>Exception</b></td>
<td width="10%"><b>Time (seconds)</b></td>
<td><b>Instance</b></td>
</tr>
<tr>
<td title='testcases.SchemaTests.testUserSchema()'><b>testUserSchema</b><br>Test class: testcases.SchemaTests</td>
<td><div><pre>java.lang.IllegalArgumentException: Schema to use cannot be null
	at io.restassured.module.jsv.JsonSchemaValidator.validateSchemaIsNotNull(JsonSchemaValidator.java:270)
	at io.restassured.module.jsv.JsonSchemaValidator.access$300(JsonSchemaValidator.java:75)
	at io.restassured.module.jsv.JsonSchemaValidator$JsonSchemaValidatorFactory.create(JsonSchemaValidator.java:281)
	at io.restassured.module.jsv.JsonSchemaValidator.matchesJsonSchema(JsonSchemaValidator.java:166)
	at io.restassured.module.jsv.JsonSchemaValidator.matchesJsonSchemaInClasspath(JsonSchemaValidator.java:117)
	at testcases.SchemaTests.testUserSchema(SchemaTests.java:49)
	at java.base/java.util.ArrayList.forEach(ArrayList.java:1596)
... Removed 30 stack frames</pre></div><a href='#' onClick='toggleBox("stack-trace363850700", this, "Click to show all stack frames", "Click to hide stack frames")'>Click to show all stack frames</a>
<div class='stack-trace' id='stack-trace363850700'><pre>java.lang.IllegalArgumentException: Schema to use cannot be null
	at io.restassured.module.jsv.JsonSchemaValidator.validateSchemaIsNotNull(JsonSchemaValidator.java:270)
	at io.restassured.module.jsv.JsonSchemaValidator.access$300(JsonSchemaValidator.java:75)
	at io.restassured.module.jsv.JsonSchemaValidator$JsonSchemaValidatorFactory.create(JsonSchemaValidator.java:281)
	at io.restassured.module.jsv.JsonSchemaValidator.matchesJsonSchema(JsonSchemaValidator.java:166)
	at io.restassured.module.jsv.JsonSchemaValidator.matchesJsonSchemaInClasspath(JsonSchemaValidator.java:117)
	at testcases.SchemaTests.testUserSchema(SchemaTests.java:49)
	at java.base/jdk.internal.reflect.DirectMethodHandleAccessor.invoke(DirectMethodHandleAccessor.java:103)
	at java.base/java.lang.reflect.Method.invoke(Method.java:580)
	at org.testng.internal.invokers.MethodInvocationHelper.invokeMethod(MethodInvocationHelper.java:141)
	at org.testng.internal.invokers.TestInvoker.invokeMethod(TestInvoker.java:687)
	at org.testng.internal.invokers.TestInvoker.invokeTestMethod(TestInvoker.java:230)
	at org.testng.internal.invokers.MethodRunner.runInSequence(MethodRunner.java:63)
	at org.testng.internal.invokers.TestInvoker$MethodInvocationAgent.invoke(TestInvoker.java:995)
	at org.testng.internal.invokers.TestInvoker.invokeTestMethods(TestInvoker.java:203)
	at org.testng.internal.invokers.TestMethodWorker.invokeTestMethods(TestMethodWorker.java:154)
	at org.testng.internal.invokers.TestMethodWorker.run(TestMethodWorker.java:134)
	at java.base/java.util.ArrayList.forEach(ArrayList.java:1596)
	at org.testng.TestRunner.privateRun(TestRunner.java:741)
	at org.testng.TestRunner.run(TestRunner.java:616)
	at org.testng.SuiteRunner.runTest(SuiteRunner.java:421)
	at org.testng.SuiteRunner.runSequentially(SuiteRunner.java:413)
	at org.testng.SuiteRunner.privateRun(SuiteRunner.java:373)
	at org.testng.SuiteRunner.run(SuiteRunner.java:312)
	at org.testng.SuiteRunnerWorker.runSuite(SuiteRunnerWorker.java:52)
	at org.testng.SuiteRunnerWorker.run(SuiteRunnerWorker.java:95)
	at org.testng.TestNG.runSuitesSequentially(TestNG.java:1274)
	at org.testng.TestNG.runSuitesLocally(TestNG.java:1208)
	at org.testng.TestNG.runSuites(TestNG.java:1112)
	at org.testng.TestNG.run(TestNG.java:1079)
	at org.apache.maven.surefire.testng.TestNGExecutor.run(TestNGExecutor.java:155)
	at org.apache.maven.surefire.testng.TestNGDirectoryTestSuite.executeMulti(TestNGDirectoryTestSuite.java:169)
	at org.apache.maven.surefire.testng.TestNGDirectoryTestSuite.execute(TestNGDirectoryTestSuite.java:88)
	at org.apache.maven.surefire.testng.TestNGProvider.invoke(TestNGProvider.java:137)
	at org.apache.maven.surefire.booter.ForkedBooter.runSuitesInProcess(ForkedBooter.java:385)
	at org.apache.maven.surefire.booter.ForkedBooter.execute(ForkedBooter.java:162)
	at org.apache.maven.surefire.booter.ForkedBooter.run(ForkedBooter.java:507)
	at org.apache.maven.surefire.booter.ForkedBooter.main(ForkedBooter.java:495)
</pre></div></td>
<td>0</td>
<td>testcases.SchemaTests@4c1909a3</td></tr>
<tr>
<td title='testcases.SchemaTests.testCartSchema()'><b>testCartSchema</b><br>Test class: testcases.SchemaTests</td>
<td><div><pre>java.lang.IllegalArgumentException: Schema to use cannot be null
	at io.restassured.module.jsv.JsonSchemaValidator.validateSchemaIsNotNull(JsonSchemaValidator.java:270)
	at io.restassured.module.jsv.JsonSchemaValidator.access$300(JsonSchemaValidator.java:75)
	at io.restassured.module.jsv.JsonSchemaValidator$JsonSchemaValidatorFactory.create(JsonSchemaValidator.java:281)
	at io.restassured.module.jsv.JsonSchemaValidator.matchesJsonSchema(JsonSchemaValidator.java:166)
	at io.restassured.module.jsv.JsonSchemaValidator.matchesJsonSchemaInClasspath(JsonSchemaValidator.java:117)
	at testcases.SchemaTests.testCartSchema(SchemaTests.java:37)
	at java.base/java.util.ArrayList.forEach(ArrayList.java:1596)
... Removed 30 stack frames</pre></div><a href='#' onClick='toggleBox("stack-trace1034095845", this, "Click to show all stack frames", "Click to hide stack frames")'>Click to show all stack frames</a>
<div class='stack-trace' id='stack-trace1034095845'><pre>java.lang.IllegalArgumentException: Schema to use cannot be null
	at io.restassured.module.jsv.JsonSchemaValidator.validateSchemaIsNotNull(JsonSchemaValidator.java:270)
	at io.restassured.module.jsv.JsonSchemaValidator.access$300(JsonSchemaValidator.java:75)
	at io.restassured.module.jsv.JsonSchemaValidator$JsonSchemaValidatorFactory.create(JsonSchemaValidator.java:281)
	at io.restassured.module.jsv.JsonSchemaValidator.matchesJsonSchema(JsonSchemaValidator.java:166)
	at io.restassured.module.jsv.JsonSchemaValidator.matchesJsonSchemaInClasspath(JsonSchemaValidator.java:117)
	at testcases.SchemaTests.testCartSchema(SchemaTests.java:37)
	at java.base/jdk.internal.reflect.DirectMethodHandleAccessor.invoke(DirectMethodHandleAccessor.java:103)
	at java.base/java.lang.reflect.Method.invoke(Method.java:580)
	at org.testng.internal.invokers.MethodInvocationHelper.invokeMethod(MethodInvocationHelper.java:141)
	at org.testng.internal.invokers.TestInvoker.invokeMethod(TestInvoker.java:687)
	at org.testng.internal.invokers.TestInvoker.invokeTestMethod(TestInvoker.java:230)
	at org.testng.internal.invokers.MethodRunner.runInSequence(MethodRunner.java:63)
	at org.testng.internal.invokers.TestInvoker$MethodInvocationAgent.invoke(TestInvoker.java:995)
	at org.testng.internal.invokers.TestInvoker.invokeTestMethods(TestInvoker.java:203)
	at org.testng.internal.invokers.TestMethodWorker.invokeTestMethods(TestMethodWorker.java:154)
	at org.testng.internal.invokers.TestMethodWorker.run(TestMethodWorker.java:134)
	at java.base/java.util.ArrayList.forEach(ArrayList.java:1596)
	at org.testng.TestRunner.privateRun(TestRunner.java:741)
	at org.testng.TestRunner.run(TestRunner.java:616)
	at org.testng.SuiteRunner.runTest(SuiteRunner.java:421)
	at org.testng.SuiteRunner.runSequentially(SuiteRunner.java:413)
	at org.testng.SuiteRunner.privateRun(SuiteRunner.java:373)
	at org.testng.SuiteRunner.run(SuiteRunner.java:312)
	at org.testng.SuiteRunnerWorker.runSuite(SuiteRunnerWorker.java:52)
	at org.testng.SuiteRunnerWorker.run(SuiteRunnerWorker.java:95)
	at org.testng.TestNG.runSuitesSequentially(TestNG.java:1274)
	at org.testng.TestNG.runSuitesLocally(TestNG.java:1208)
	at org.testng.TestNG.runSuites(TestNG.java:1112)
	at org.testng.TestNG.run(TestNG.java:1079)
	at org.apache.maven.surefire.testng.TestNGExecutor.run(TestNGExecutor.java:155)
	at org.apache.maven.surefire.testng.TestNGDirectoryTestSuite.executeMulti(TestNGDirectoryTestSuite.java:169)
	at org.apache.maven.surefire.testng.TestNGDirectoryTestSuite.execute(TestNGDirectoryTestSuite.java:88)
	at org.apache.maven.surefire.testng.TestNGProvider.invoke(TestNGProvider.java:137)
	at org.apache.maven.surefire.booter.ForkedBooter.runSuitesInProcess(ForkedBooter.java:385)
	at org.apache.maven.surefire.booter.ForkedBooter.execute(ForkedBooter.java:162)
	at org.apache.maven.surefire.booter.ForkedBooter.run(ForkedBooter.java:507)
	at org.apache.maven.surefire.booter.ForkedBooter.main(ForkedBooter.java:495)
</pre></div></td>
<td>0</td>
<td>testcases.SchemaTests@4c1909a3</td></tr>
<tr>
<td title='testcases.ProductDataDrivenTest.testAddNewProduct()'><b>testAddNewProduct</b><br>Test class: testcases.ProductDataDrivenTest</td>
<td><div><pre>java.lang.RuntimeException: java.io.FileNotFoundException: .\testdata\product.json (The system cannot find the path specified)
	at java.base/java.util.ArrayList.forEach(ArrayList.java:1596)
Caused by: java.io.FileNotFoundException: .\testdata\product.json (The system cannot find the path specified)
	at java.base/java.io.FileInputStream.open0(Native Method)
	at java.base/java.io.FileInputStream.open(FileInputStream.java:213)
	at java.base/java.io.FileInputStream.&lt;init&gt;(FileInputStream.java:152)
	at com.fasterxml.jackson.core.TokenStreamFactory._fileInputStream(TokenStreamFactory.java:262)
	at com.fasterxml.jackson.core.JsonFactory.createParser(JsonFactory.java:1030)
	at com.fasterxml.jackson.databind.ObjectMapper.readValue(ObjectMapper.java:3562)
	at utils.DataProviders.jsonDataProvider(DataProviders.java:26)
	... 30 more
... Removed 35 stack frames</pre></div><a href='#' onClick='toggleBox("stack-trace86938358", this, "Click to show all stack frames", "Click to hide stack frames")'>Click to show all stack frames</a>
<div class='stack-trace' id='stack-trace86938358'><pre>java.lang.RuntimeException: java.io.FileNotFoundException: .\testdata\product.json (The system cannot find the path specified)
	at org.testng.internal.invokers.MethodInvocationHelper.invokeMethodNoCheckedException(MethodInvocationHelper.java:58)
	at org.testng.internal.invokers.MethodInvocationHelper.invokeDataProvider(MethodInvocationHelper.java:159)
	at org.testng.internal.Parameters.handleParameters(Parameters.java:809)
	at org.testng.internal.Parameters.handleParameters(Parameters.java:734)
	at org.testng.internal.invokers.ParameterHandler.handleParameters(ParameterHandler.java:72)
	at org.testng.internal.invokers.ParameterHandler.createParameters(ParameterHandler.java:51)
	at org.testng.internal.invokers.TestInvoker$MethodInvocationAgent.invoke(TestInvoker.java:949)
	at org.testng.internal.invokers.TestInvoker.invokeTestMethods(TestInvoker.java:203)
	at org.testng.internal.invokers.TestMethodWorker.invokeTestMethods(TestMethodWorker.java:154)
	at org.testng.internal.invokers.TestMethodWorker.run(TestMethodWorker.java:134)
	at java.base/java.util.ArrayList.forEach(ArrayList.java:1596)
	at org.testng.TestRunner.privateRun(TestRunner.java:741)
	at org.testng.TestRunner.run(TestRunner.java:616)
	at org.testng.SuiteRunner.runTest(SuiteRunner.java:421)
	at org.testng.SuiteRunner.runSequentially(SuiteRunner.java:413)
	at org.testng.SuiteRunner.privateRun(SuiteRunner.java:373)
	at org.testng.SuiteRunner.run(SuiteRunner.java:312)
	at org.testng.SuiteRunnerWorker.runSuite(SuiteRunnerWorker.java:52)
	at org.testng.SuiteRunnerWorker.run(SuiteRunnerWorker.java:95)
	at org.testng.TestNG.runSuitesSequentially(TestNG.java:1274)
	at org.testng.TestNG.runSuitesLocally(TestNG.java:1208)
	at org.testng.TestNG.runSuites(TestNG.java:1112)
	at org.testng.TestNG.run(TestNG.java:1079)
	at org.apache.maven.surefire.testng.TestNGExecutor.run(TestNGExecutor.java:155)
	at org.apache.maven.surefire.testng.TestNGDirectoryTestSuite.executeMulti(TestNGDirectoryTestSuite.java:169)
	at org.apache.maven.surefire.testng.TestNGDirectoryTestSuite.execute(TestNGDirectoryTestSuite.java:88)
	at org.apache.maven.surefire.testng.TestNGProvider.invoke(TestNGProvider.java:137)
	at org.apache.maven.surefire.booter.ForkedBooter.runSuitesInProcess(ForkedBooter.java:385)
	at org.apache.maven.surefire.booter.ForkedBooter.execute(ForkedBooter.java:162)
	at org.apache.maven.surefire.booter.ForkedBooter.run(ForkedBooter.java:507)
	at org.apache.maven.surefire.booter.ForkedBooter.main(ForkedBooter.java:495)
Caused by: java.io.FileNotFoundException: .\testdata\product.json (The system cannot find the path specified)
	at java.base/java.io.FileInputStream.open0(Native Method)
	at java.base/java.io.FileInputStream.open(FileInputStream.java:213)
	at java.base/java.io.FileInputStream.&lt;init&gt;(FileInputStream.java:152)
	at com.fasterxml.jackson.core.TokenStreamFactory._fileInputStream(TokenStreamFactory.java:262)
	at com.fasterxml.jackson.core.JsonFactory.createParser(JsonFactory.java:1030)
	at com.fasterxml.jackson.databind.ObjectMapper.readValue(ObjectMapper.java:3562)
	at utils.DataProviders.jsonDataProvider(DataProviders.java:26)
	at java.base/jdk.internal.reflect.DirectMethodHandleAccessor.invoke(DirectMethodHandleAccessor.java:103)
	at java.base/java.lang.reflect.Method.invoke(Method.java:580)
	at org.testng.internal.invokers.MethodInvocationHelper.invokeMethod(MethodInvocationHelper.java:141)
	at org.testng.internal.invokers.MethodInvocationHelper.invokeMethod(MethodInvocationHelper.java:86)
	at org.testng.internal.invokers.MethodInvocationHelper.invokeMethodNoCheckedException(MethodInvocationHelper.java:54)
	... 30 more
</pre></div></td>
<td>0</td>
<td>testcases.ProductDataDrivenTest@55634720</td></tr>
<tr>
<td title='testcases.SchemaTests.testProductSchema()'><b>testProductSchema</b><br>Test class: testcases.SchemaTests</td>
<td><div><pre>java.lang.IllegalArgumentException: Schema to use cannot be null
	at io.restassured.module.jsv.JsonSchemaValidator.validateSchemaIsNotNull(JsonSchemaValidator.java:270)
	at io.restassured.module.jsv.JsonSchemaValidator.access$300(JsonSchemaValidator.java:75)
	at io.restassured.module.jsv.JsonSchemaValidator$JsonSchemaValidatorFactory.create(JsonSchemaValidator.java:281)
	at io.restassured.module.jsv.JsonSchemaValidator.matchesJsonSchema(JsonSchemaValidator.java:166)
	at io.restassured.module.jsv.JsonSchemaValidator.matchesJsonSchemaInClasspath(JsonSchemaValidator.java:117)
	at testcases.SchemaTests.testProductSchema(SchemaTests.java:25)
	at java.base/java.util.ArrayList.forEach(ArrayList.java:1596)
... Removed 30 stack frames</pre></div><a href='#' onClick='toggleBox("stack-trace309534943", this, "Click to show all stack frames", "Click to hide stack frames")'>Click to show all stack frames</a>
<div class='stack-trace' id='stack-trace309534943'><pre>java.lang.IllegalArgumentException: Schema to use cannot be null
	at io.restassured.module.jsv.JsonSchemaValidator.validateSchemaIsNotNull(JsonSchemaValidator.java:270)
	at io.restassured.module.jsv.JsonSchemaValidator.access$300(JsonSchemaValidator.java:75)
	at io.restassured.module.jsv.JsonSchemaValidator$JsonSchemaValidatorFactory.create(JsonSchemaValidator.java:281)
	at io.restassured.module.jsv.JsonSchemaValidator.matchesJsonSchema(JsonSchemaValidator.java:166)
	at io.restassured.module.jsv.JsonSchemaValidator.matchesJsonSchemaInClasspath(JsonSchemaValidator.java:117)
	at testcases.SchemaTests.testProductSchema(SchemaTests.java:25)
	at java.base/jdk.internal.reflect.DirectMethodHandleAccessor.invoke(DirectMethodHandleAccessor.java:103)
	at java.base/java.lang.reflect.Method.invoke(Method.java:580)
	at org.testng.internal.invokers.MethodInvocationHelper.invokeMethod(MethodInvocationHelper.java:141)
	at org.testng.internal.invokers.TestInvoker.invokeMethod(TestInvoker.java:687)
	at org.testng.internal.invokers.TestInvoker.invokeTestMethod(TestInvoker.java:230)
	at org.testng.internal.invokers.MethodRunner.runInSequence(MethodRunner.java:63)
	at org.testng.internal.invokers.TestInvoker$MethodInvocationAgent.invoke(TestInvoker.java:995)
	at org.testng.internal.invokers.TestInvoker.invokeTestMethods(TestInvoker.java:203)
	at org.testng.internal.invokers.TestMethodWorker.invokeTestMethods(TestMethodWorker.java:154)
	at org.testng.internal.invokers.TestMethodWorker.run(TestMethodWorker.java:134)
	at java.base/java.util.ArrayList.forEach(ArrayList.java:1596)
	at org.testng.TestRunner.privateRun(TestRunner.java:741)
	at org.testng.TestRunner.run(TestRunner.java:616)
	at org.testng.SuiteRunner.runTest(SuiteRunner.java:421)
	at org.testng.SuiteRunner.runSequentially(SuiteRunner.java:413)
	at org.testng.SuiteRunner.privateRun(SuiteRunner.java:373)
	at org.testng.SuiteRunner.run(SuiteRunner.java:312)
	at org.testng.SuiteRunnerWorker.runSuite(SuiteRunnerWorker.java:52)
	at org.testng.SuiteRunnerWorker.run(SuiteRunnerWorker.java:95)
	at org.testng.TestNG.runSuitesSequentially(TestNG.java:1274)
	at org.testng.TestNG.runSuitesLocally(TestNG.java:1208)
	at org.testng.TestNG.runSuites(TestNG.java:1112)
	at org.testng.TestNG.run(TestNG.java:1079)
	at org.apache.maven.surefire.testng.TestNGExecutor.run(TestNGExecutor.java:155)
	at org.apache.maven.surefire.testng.TestNGDirectoryTestSuite.executeMulti(TestNGDirectoryTestSuite.java:169)
	at org.apache.maven.surefire.testng.TestNGDirectoryTestSuite.execute(TestNGDirectoryTestSuite.java:88)
	at org.apache.maven.surefire.testng.TestNGProvider.invoke(TestNGProvider.java:137)
	at org.apache.maven.surefire.booter.ForkedBooter.runSuitesInProcess(ForkedBooter.java:385)
	at org.apache.maven.surefire.booter.ForkedBooter.execute(ForkedBooter.java:162)
	at org.apache.maven.surefire.booter.ForkedBooter.run(ForkedBooter.java:507)
	at org.apache.maven.surefire.booter.ForkedBooter.main(ForkedBooter.java:495)
</pre></div></td>
<td>0</td>
<td>testcases.SchemaTests@4c1909a3</td></tr>
</table><p>
<table width='100%' border='1' class='invocation-passed'>
<tr><td colspan='4' align='center'><b>PASSED TESTS</b></td></tr>
<tr><td><b>Test method</b></td>
<td><b>Attribute(s)</b></td>
<td width="30%"><b>Exception</b></td>
<td width="10%"><b>Time (seconds)</b></td>
<td><b>Instance</b></td>
</tr>
<tr>
<td title='testcases.LoginTests.testValidUserLogin()'><b>testValidUserLogin</b><br>Test class: testcases.LoginTests</td>
<td></td>
<td>0</td>
<td>testcases.LoginTests@4659191b</td></tr>
<tr>
<td title='testcases.CartTests.testGetCartsWithLimit()'><b>testGetCartsWithLimit</b><br>Test class: testcases.CartTests</td>
<td></td>
<td>0</td>
<td>testcases.CartTests@47d9a273</td></tr>
<tr>
<td title='testcases.UserTests.testGetUsersSorted()'><b>testGetUsersSorted</b><br>Test class: testcases.UserTests</td>
<td></td>
<td>0</td>
<td>testcases.UserTests@428640fa</td></tr>
<tr>
<td title='testcases.UserTests.testGetAllUsers()'><b>testGetAllUsers</b><br>Test class: testcases.UserTests</td>
<td></td>
<td>0</td>
<td>testcases.UserTests@428640fa</td></tr>
<tr>
<td title='testcases.CartTests.testUpdateCart()'><b>testUpdateCart</b><br>Test class: testcases.CartTests</td>
<td></td>
<td>0</td>
<td>testcases.CartTests@47d9a273</td></tr>
<tr>
<td title='testcases.UserTests.testGetUsersSortedAsc()'><b>testGetUsersSortedAsc</b><br>Test class: testcases.UserTests</td>
<td></td>
<td>0</td>
<td>testcases.UserTests@428640fa</td></tr>
<tr>
<td title='testcases.ProductTests.testGetProductsByCategory()'><b>testGetProductsByCategory</b><br>Test class: testcases.ProductTests</td>
<td></td>
<td>0</td>
<td>testcases.ProductTests@4b0d79fc</td></tr>
<tr>
<td title='testcases.LoginTests.testInvalidUserLogin()'><b>testInvalidUserLogin</b><br>Test class: testcases.LoginTests</td>
<td></td>
<td>1</td>
<td>testcases.LoginTests@4659191b</td></tr>
<tr>
<td title='testcases.CartTests.testGetUserCart()'><b>testGetUserCart</b><br>Test class: testcases.CartTests</td>
<td></td>
<td>0</td>
<td>testcases.CartTests@47d9a273</td></tr>
<tr>
<td title='testcases.CartTests.testGetAllCarts()'><b>testGetAllCarts</b><br>Test class: testcases.CartTests</td>
<td></td>
<td>0</td>
<td>testcases.CartTests@47d9a273</td></tr>
<tr>
<td title='testcases.CartTests.testDeleteCart()'><b>testDeleteCart</b><br>Test class: testcases.CartTests</td>
<td></td>
<td>0</td>
<td>testcases.CartTests@47d9a273</td></tr>
<tr>
<td title='testcases.UserTests.testCreateUser()'><b>testCreateUser</b><br>Test class: testcases.UserTests</td>
<td></td>
<td>0</td>
<td>testcases.UserTests@428640fa</td></tr>
<tr>
<td title='testcases.UserTests.testUpdateUser()'><b>testUpdateUser</b><br>Test class: testcases.UserTests</td>
<td></td>
<td>0</td>
<td>testcases.UserTests@428640fa</td></tr>
<tr>
<td title='testcases.CartTests.testGetCartsByDateRange()'><b>testGetCartsByDateRange</b><br>Test class: testcases.CartTests</td>
<td></td>
<td>0</td>
<td>testcases.CartTests@47d9a273</td></tr>
<tr>
<td title='testcases.ProductTests.testGetSingleProductById()'><b>testGetSingleProductById</b><br>Test class: testcases.ProductTests</td>
<td></td>
<td>0</td>
<td>testcases.ProductTests@4b0d79fc</td></tr>
<tr>
<td title='testcases.ProductTests.testDeleteProduct()'><b>testDeleteProduct</b><br>Test class: testcases.ProductTests</td>
<td></td>
<td>0</td>
<td>testcases.ProductTests@4b0d79fc</td></tr>
<tr>
<td title='testcases.ProductTests.testGetSortedProducts()'><b>testGetSortedProducts</b><br>Test class: testcases.ProductTests</td>
<td></td>
<td>0</td>
<td>testcases.ProductTests@4b0d79fc</td></tr>
<tr>
<td title='testcases.CartTests.testGetCartById()'><b>testGetCartById</b><br>Test class: testcases.CartTests</td>
<td></td>
<td>0</td>
<td>testcases.CartTests@47d9a273</td></tr>
<tr>
<td title='testcases.CartTests.testGetCartsSortedAsc()'><b>testGetCartsSortedAsc</b><br>Test class: testcases.CartTests</td>
<td></td>
<td>0</td>
<td>testcases.CartTests@47d9a273</td></tr>
<tr>
<td title='testcases.ProductTests.testGetSortedProductsAsc()'><b>testGetSortedProductsAsc</b><br>Test class: testcases.ProductTests</td>
<td></td>
<td>0</td>
<td>testcases.ProductTests@4b0d79fc</td></tr>
<tr>
<td title='testcases.ProductTests.testAddNewProduct()'><b>testAddNewProduct</b><br>Test class: testcases.ProductTests</td>
<td></td>
<td>0</td>
<td>testcases.ProductTests@4b0d79fc</td></tr>
<tr>
<td title='testcases.ProductTests.testGetLimitedProducts()'><b>testGetLimitedProducts</b><br>Test class: testcases.ProductTests</td>
<td></td>
<td>0</td>
<td>testcases.ProductTests@4b0d79fc</td></tr>
<tr>
<td title='testcases.UserTests.testGetUsersWithLimit()'><b>testGetUsersWithLimit</b><br>Test class: testcases.UserTests</td>
<td></td>
<td>0</td>
<td>testcases.UserTests@428640fa</td></tr>
<tr>
<td title='testcases.ProductTests.testUpdateProduct()'><b>testUpdateProduct</b><br>Test class: testcases.ProductTests</td>
<td></td>
<td>0</td>
<td>testcases.ProductTests@4b0d79fc</td></tr>
<tr>
<td title='testcases.UserTests.testDeleteUser()'><b>testDeleteUser</b><br>Test class: testcases.UserTests</td>
<td></td>
<td>0</td>
<td>testcases.UserTests@428640fa</td></tr>
<tr>
<td title='testcases.UserTests.testGetUserById()'><b>testGetUserById</b><br>Test class: testcases.UserTests</td>
<td></td>
<td>0</td>
<td>testcases.UserTests@428640fa</td></tr>
<tr>
<td title='testcases.CartTests.testCreateCart()'><b>testCreateCart</b><br>Test class: testcases.CartTests</td>
<td></td>
<td>4</td>
<td>testcases.CartTests@47d9a273</td></tr>
<tr>
<td title='testcases.CartTests.testGetCartsSorted()'><b>testGetCartsSorted</b><br>Test class: testcases.CartTests</td>
<td></td>
<td>0</td>
<td>testcases.CartTests@47d9a273</td></tr>
<tr>
<td title='testcases.ProductTests.testGetAllProducts()'><b>testGetAllProducts</b><br>Test class: testcases.ProductTests</td>
<td></td>
<td>0</td>
<td>testcases.ProductTests@4b0d79fc</td></tr>
<tr>
<td title='testcases.ProductTests.testGetAllCategories()'><b>testGetAllCategories</b><br>Test class: testcases.ProductTests</td>
<td></td>
<td>0</td>
<td>testcases.ProductTests@4b0d79fc</td></tr>
</table><p>
</body>
</html>